============================= test session starts ==============================
platform linux -- Python 3.13.5, pytest-9.1.1, pluggy-1.6.0 -- /workspace/Mt5-swing/.venv/bin/python
cachedir: .pytest_cache
rootdir: /workspace/Mt5-swing
configfile: pyproject.toml
plugins: cov-7.1.0
collecting ... collected 9 items

tests/test_gdp_fx.py::test_gdp_series_map PASSED                         [ 11%]
tests/test_gdp_fx.py::test_pub_lag_shifts_known_date PASSED              [ 22%]
tests/test_gdp_fx.py::test_prepare_scores_high_gdp_long_growth PASSED    [ 33%]
tests/test_gdp_fx.py::test_gdp_chg_prefers_acceleration PASSED           [ 44%]
tests/test_gdp_fx.py::test_gdp_no_lookahead PASSED                       [ 55%]
tests/test_gdp_fx.py::test_us_gdp_z_fires_on_depressed PASSED            [ 66%]
tests/test_gdp_fx.py::test_loader_smoke_and_coverage PASSED              [ 77%]
tests/test_gdp_fx.py::test_high_gdp_maps_to_top_score PASSED             [ 88%]
tests/test_gdp_fx.py::test_n_long_short_a_priori PASSED                  [100%]

============================== 9 passed in 1.70s ===============================
